
ROM used:   2704/32768 (8%)
            2704/32768 (8%) including unused fragments

            1.8 Average locations per line
            8.9 Average locations per statement

RAM used:   118/2048 (6%) at main() level
            128/2048 (6%) worst case

Stack used: 1 worst case (0 in main + 1 for interrupts)
Stack size: 31

Lines Stmts  %   Files
----- ----- ---  -----
  410   241  80  Main.c
  841     0   0  ..\..\..\..\..\..\Program Files (x86)\PICC\devices\18F4550.h
  236    62  20  ..\include\LCD420_S3.c
----- -----
 1487   303 Total

Page ROM  %  RAM    Vol Diff  Functions:
---- --- --- ---    --- ----  ----------
0     40   1    1             @delay_ms1
0    166   3    1    566  3.3  initialisation
0     40   1    3             @DIV88
0    110   2    2             @PRINTF_U_19200_31766_31767
0     38   1    2    149  4.7  bgetc
0    382   7    4   1628 10.9  SetupTransmission
0     34   1    0             @goto7839
0     96   2    2    447  5.7  Transmission
0    552  10    3   2424  9.9  Reception
0     34   1    0             @goto7956
0    236   4    1    861  6.2  WhatToDoPowerline
0    178   3    1    601  7.0  WhatToDoPSerial
0     10   0    0             @const725
0     34   1    3             @PSTRINGCN_19200_31766_31767
0    180   3    6             @PRINTF_D_19200_31766_31767
0    152   3    2    310  5.1  MAIN
0     98   2    2    365  4.7  CCP1_isr
0     26   0    0     94  2.8  COMP_isr
0     42   1    0    163  2.6  TIMER1_isr
0     50   1    3    160  4.0  serial_isr
 Inline         0             @cinit1

Program metrics:
    Functions               12
    Statements              303
    Comments                346
    Volume (V)              11688
    Difficulty (D)          67.0
    Effort to implement (E) 782691
    Time to implement (T)   12 hours, 5 minutes
    Est Delivered Bugs (B)  3
    Cyclomatic Complexity   54
    Maintainability (MI)    127

 Segment     Used  Free
-----------  ----  ----
00000-00002     4  0  
00004-00006     0  4  
00008-000D0   202  0  
000D2-07FFE  2498  30060  



